Command line invocation:
    /Applications/Xcode.app/Contents/Developer/usr/bin/xcodebuild -scheme "Chord Solver" -destination generic/platform=iOS archive -archivePath ./build/ChordSolver.xcarchive

ComputePackagePrebuildTargetDependencyGraph

Prepare packages

CreateBuildRequest

SendProjectDescription

CreateBuildOperation

ComputeTargetDependencyGraph
note: Building targets in dependency order
note: Target dependency graph (1 target)
    Target 'Chord Solver' in project 'Chord Solver' (no dependencies)

GatherProvisioningInputs

CreateBuildDescription

ExecuteExternalTool /Applications/Xcode.app/Contents/Developer/Toolchains/XcodeDefault.xctoolchain/usr/bin/clang -v -E -dM -isysroot /Applications/Xcode.app/Contents/Developer/Platforms/iPhoneOS.platform/Developer/SDKs/iPhoneOS18.5.sdk -x c -c /dev/null

ExecuteExternalTool /Applications/Xcode.app/Contents/Developer/usr/bin/actool --print-asset-tag-combinations --output-format xml1 /Users/dps/Developer/My Repos/chord-solver-ios/Chord Solver/Assets.xcassets

ExecuteExternalTool /Applications/Xcode.app/Contents/Developer/usr/bin/actool --version --output-format xml1

ExecuteExternalTool /Applications/Xcode.app/Contents/Developer/Toolchains/XcodeDefault.xctoolchain/usr/bin/swiftc --version

ExecuteExternalTool /Applications/Xcode.app/Contents/Developer/Toolchains/XcodeDefault.xctoolchain/usr/bin/ld -version_details

Build description signature: d58b535e1b6b6c77c179dea4d4d0b26d
Build description path: /Users/dps/Library/Developer/Xcode/DerivedData/Chord_Solver-declyvqvatouksdmsormlwyunash/Build/Intermediates.noindex/ArchiveIntermediates/Chord Solver/IntermediateBuildFilesPath/XCBuildData/d58b535e1b6b6c77c179dea4d4d0b26d.xcbuilddata
CreateBuildDirectory /Users/dps/Library/Developer/Xcode/DerivedData/Chord_Solver-declyvqvatouksdmsormlwyunash/Build/Intermediates.noindex/ArchiveIntermediates/Chord\ Solver/InstallationBuildProductsLocation
    cd /Users/dps/Developer/My\ Repos/chord-solver-ios/Chord\ Solver.xcodeproj
    builtin-create-build-directory /Users/dps/Library/Developer/Xcode/DerivedData/Chord_Solver-declyvqvatouksdmsormlwyunash/Build/Intermediates.noindex/ArchiveIntermediates/Chord\ Solver/InstallationBuildProductsLocation

ClangStatCache /Applications/Xcode.app/Contents/Developer/Toolchains/XcodeDefault.xctoolchain/usr/bin/clang-stat-cache /Applications/Xcode.app/Contents/Developer/Platforms/iPhoneOS.platform/Developer/SDKs/iPhoneOS18.5.sdk /Users/dps/Library/Developer/Xcode/DerivedData/SDKStatCaches.noindex/iphoneos18.5-22F76-7fa4eea80a99bbfdc046826b63ec4baf.sdkstatcache
    cd /Users/dps/Developer/My\ Repos/chord-solver-ios/Chord\ Solver.xcodeproj
    /Applications/Xcode.app/Contents/Developer/Toolchains/XcodeDefault.xctoolchain/usr/bin/clang-stat-cache /Applications/Xcode.app/Contents/Developer/Platforms/iPhoneOS.platform/Developer/SDKs/iPhoneOS18.5.sdk -o /Users/dps/Library/Developer/Xcode/DerivedData/SDKStatCaches.noindex/iphoneos18.5-22F76-7fa4eea80a99bbfdc046826b63ec4baf.sdkstatcache

CreateBuildDirectory /Users/dps/Library/Developer/Xcode/DerivedData/Chord_Solver-declyvqvatouksdmsormlwyunash/Build/Intermediates.noindex/ArchiveIntermediates/Chord\ Solver/IntermediateBuildFilesPath
    cd /Users/dps/Developer/My\ Repos/chord-solver-ios/Chord\ Solver.xcodeproj
    builtin-create-build-directory /Users/dps/Library/Developer/Xcode/DerivedData/Chord_Solver-declyvqvatouksdmsormlwyunash/Build/Intermediates.noindex/ArchiveIntermediates/Chord\ Solver/IntermediateBuildFilesPath

CreateBuildDirectory /Users/dps/Library/Developer/Xcode/DerivedData/Chord_Solver-declyvqvatouksdmsormlwyunash/Build/Intermediates.noindex/ArchiveIntermediates/Chord\ Solver/BuildProductsPath
    cd /Users/dps/Developer/My\ Repos/chord-solver-ios/Chord\ Solver.xcodeproj
    builtin-create-build-directory /Users/dps/Library/Developer/Xcode/DerivedData/Chord_Solver-declyvqvatouksdmsormlwyunash/Build/Intermediates.noindex/ArchiveIntermediates/Chord\ Solver/BuildProductsPath

CreateBuildDirectory /Users/dps/Library/Developer/Xcode/DerivedData/Chord_Solver-declyvqvatouksdmsormlwyunash/Build/Intermediates.noindex/ArchiveIntermediates/Chord\ Solver/BuildProductsPath/Release-iphoneos
    cd /Users/dps/Developer/My\ Repos/chord-solver-ios/Chord\ Solver.xcodeproj
    builtin-create-build-directory /Users/dps/Library/Developer/Xcode/DerivedData/Chord_Solver-declyvqvatouksdmsormlwyunash/Build/Intermediates.noindex/ArchiveIntermediates/Chord\ Solver/BuildProductsPath/Release-iphoneos

CreateBuildDirectory /Users/dps/Library/Developer/Xcode/DerivedData/Chord_Solver-declyvqvatouksdmsormlwyunash/Build/Intermediates.noindex/ArchiveIntermediates/Chord\ Solver/IntermediateBuildFilesPath/EagerLinkingTBDs/Release-iphoneos
    cd /Users/dps/Developer/My\ Repos/chord-solver-ios/Chord\ Solver.xcodeproj
    builtin-create-build-directory /Users/dps/Library/Developer/Xcode/DerivedData/Chord_Solver-declyvqvatouksdmsormlwyunash/Build/Intermediates.noindex/ArchiveIntermediates/Chord\ Solver/IntermediateBuildFilesPath/EagerLinkingTBDs/Release-iphoneos

WriteAuxiliaryFile /Users/dps/Library/Developer/Xcode/DerivedData/Chord_Solver-declyvqvatouksdmsormlwyunash/Build/Intermediates.noindex/ArchiveIntermediates/Chord\ Solver/IntermediateBuildFilesPath/Chord\ Solver.build/Release-iphoneos/Chord\ Solver-a56489aba83b0d40d50aee0cd6072e85-VFS-iphoneos/all-product-headers.yaml
    cd /Users/dps/Developer/My\ Repos/chord-solver-ios/Chord\ Solver.xcodeproj
    write-file /Users/dps/Library/Developer/Xcode/DerivedData/Chord_Solver-declyvqvatouksdmsormlwyunash/Build/Intermediates.noindex/ArchiveIntermediates/Chord\ Solver/IntermediateBuildFilesPath/Chord\ Solver.build/Release-iphoneos/Chord\ Solver-a56489aba83b0d40d50aee0cd6072e85-VFS-iphoneos/all-product-headers.yaml

WriteAuxiliaryFile /Users/dps/Library/Developer/Xcode/DerivedData/Chord_Solver-declyvqvatouksdmsormlwyunash/Build/Intermediates.noindex/ArchiveIntermediates/Chord\ Solver/IntermediateBuildFilesPath/Chord\ Solver.build/Release-iphoneos/Chord\ Solver.build/Chord\ Solver.hmap (in target 'Chord Solver' from project 'Chord Solver')
    cd /Users/dps/Developer/My\ Repos/chord-solver-ios
    write-file /Users/dps/Library/Developer/Xcode/DerivedData/Chord_Solver-declyvqvatouksdmsormlwyunash/Build/Intermediates.noindex/ArchiveIntermediates/Chord\ Solver/IntermediateBuildFilesPath/Chord\ Solver.build/Release-iphoneos/Chord\ Solver.build/Chord\ Solver.hmap

WriteAuxiliaryFile /Users/dps/Library/Developer/Xcode/DerivedData/Chord_Solver-declyvqvatouksdmsormlwyunash/Build/Intermediates.noindex/ArchiveIntermediates/Chord\ Solver/IntermediateBuildFilesPath/Chord\ Solver.build/Release-iphoneos/Chord\ Solver.build/Objects-normal/arm64/Chord\ Solver.SwiftConstValuesFileList (in target 'Chord Solver' from project 'Chord Solver')
    cd /Users/dps/Developer/My\ Repos/chord-solver-ios
    write-file /Users/dps/Library/Developer/Xcode/DerivedData/Chord_Solver-declyvqvatouksdmsormlwyunash/Build/Intermediates.noindex/ArchiveIntermediates/Chord\ Solver/IntermediateBuildFilesPath/Chord\ Solver.build/Release-iphoneos/Chord\ Solver.build/Objects-normal/arm64/Chord\ Solver.SwiftConstValuesFileList

WriteAuxiliaryFile /Users/dps/Library/Developer/Xcode/DerivedData/Chord_Solver-declyvqvatouksdmsormlwyunash/Build/Intermediates.noindex/ArchiveIntermediates/Chord\ Solver/IntermediateBuildFilesPath/Chord\ Solver.build/Release-iphoneos/Chord\ Solver.build/Objects-normal/arm64/Chord\ Solver-OutputFileMap.json (in target 'Chord Solver' from project 'Chord Solver')
    cd /Users/dps/Developer/My\ Repos/chord-solver-ios
    write-file /Users/dps/Library/Developer/Xcode/DerivedData/Chord_Solver-declyvqvatouksdmsormlwyunash/Build/Intermediates.noindex/ArchiveIntermediates/Chord\ Solver/IntermediateBuildFilesPath/Chord\ Solver.build/Release-iphoneos/Chord\ Solver.build/Objects-normal/arm64/Chord\ Solver-OutputFileMap.json

WriteAuxiliaryFile /Users/dps/Library/Developer/Xcode/DerivedData/Chord_Solver-declyvqvatouksdmsormlwyunash/Build/Intermediates.noindex/ArchiveIntermediates/Chord\ Solver/IntermediateBuildFilesPath/Chord\ Solver.build/Release-iphoneos/Chord\ Solver.build/Objects-normal/arm64/Chord\ Solver.LinkFileList (in target 'Chord Solver' from project 'Chord Solver')
    cd /Users/dps/Developer/My\ Repos/chord-solver-ios
    write-file /Users/dps/Library/Developer/Xcode/DerivedData/Chord_Solver-declyvqvatouksdmsormlwyunash/Build/Intermediates.noindex/ArchiveIntermediates/Chord\ Solver/IntermediateBuildFilesPath/Chord\ Solver.build/Release-iphoneos/Chord\ Solver.build/Objects-normal/arm64/Chord\ Solver.LinkFileList

WriteAuxiliaryFile /Users/dps/Library/Developer/Xcode/DerivedData/Chord_Solver-declyvqvatouksdmsormlwyunash/Build/Intermediates.noindex/ArchiveIntermediates/Chord\ Solver/IntermediateBuildFilesPath/Chord\ Solver.build/Release-iphoneos/Chord\ Solver.build/Objects-normal/arm64/Chord\ Solver_const_extract_protocols.json (in target 'Chord Solver' from project 'Chord Solver')
    cd /Users/dps/Developer/My\ Repos/chord-solver-ios
    write-file /Users/dps/Library/Developer/Xcode/DerivedData/Chord_Solver-declyvqvatouksdmsormlwyunash/Build/Intermediates.noindex/ArchiveIntermediates/Chord\ Solver/IntermediateBuildFilesPath/Chord\ Solver.build/Release-iphoneos/Chord\ Solver.build/Objects-normal/arm64/Chord\ Solver_const_extract_protocols.json

WriteAuxiliaryFile /Users/dps/Library/Developer/Xcode/DerivedData/Chord_Solver-declyvqvatouksdmsormlwyunash/Build/Intermediates.noindex/ArchiveIntermediates/Chord\ Solver/IntermediateBuildFilesPath/Chord\ Solver.build/Release-iphoneos/Chord\ Solver.build/Objects-normal/arm64/Chord\ Solver.SwiftFileList (in target 'Chord Solver' from project 'Chord Solver')
    cd /Users/dps/Developer/My\ Repos/chord-solver-ios
    write-file /Users/dps/Library/Developer/Xcode/DerivedData/Chord_Solver-declyvqvatouksdmsormlwyunash/Build/Intermediates.noindex/ArchiveIntermediates/Chord\ Solver/IntermediateBuildFilesPath/Chord\ Solver.build/Release-iphoneos/Chord\ Solver.build/Objects-normal/arm64/Chord\ Solver.SwiftFileList

WriteAuxiliaryFile /Users/dps/Library/Developer/Xcode/DerivedData/Chord_Solver-declyvqvatouksdmsormlwyunash/Build/Intermediates.noindex/ArchiveIntermediates/Chord\ Solver/IntermediateBuildFilesPath/Chord\ Solver.build/Release-iphoneos/Chord\ Solver.build/DerivedSources/Entitlements.plist (in target 'Chord Solver' from project 'Chord Solver')
    cd /Users/dps/Developer/My\ Repos/chord-solver-ios
    write-file /Users/dps/Library/Developer/Xcode/DerivedData/Chord_Solver-declyvqvatouksdmsormlwyunash/Build/Intermediates.noindex/ArchiveIntermediates/Chord\ Solver/IntermediateBuildFilesPath/Chord\ Solver.build/Release-iphoneos/Chord\ Solver.build/DerivedSources/Entitlements.plist

WriteAuxiliaryFile /Users/dps/Library/Developer/Xcode/DerivedData/Chord_Solver-declyvqvatouksdmsormlwyunash/Build/Intermediates.noindex/ArchiveIntermediates/Chord\ Solver/IntermediateBuildFilesPath/Chord\ Solver.build/Release-iphoneos/Chord\ Solver.build/Chord\ Solver.DependencyStaticMetadataFileList (in target 'Chord Solver' from project 'Chord Solver')
    cd /Users/dps/Developer/My\ Repos/chord-solver-ios
    write-file /Users/dps/Library/Developer/Xcode/DerivedData/Chord_Solver-declyvqvatouksdmsormlwyunash/Build/Intermediates.noindex/ArchiveIntermediates/Chord\ Solver/IntermediateBuildFilesPath/Chord\ Solver.build/Release-iphoneos/Chord\ Solver.build/Chord\ Solver.DependencyStaticMetadataFileList

WriteAuxiliaryFile /Users/dps/Library/Developer/Xcode/DerivedData/Chord_Solver-declyvqvatouksdmsormlwyunash/Build/Intermediates.noindex/ArchiveIntermediates/Chord\ Solver/IntermediateBuildFilesPath/Chord\ Solver.build/Release-iphoneos/Chord\ Solver.build/Chord\ Solver.DependencyMetadataFileList (in target 'Chord Solver' from project 'Chord Solver')
    cd /Users/dps/Developer/My\ Repos/chord-solver-ios
    write-file /Users/dps/Library/Developer/Xcode/DerivedData/Chord_Solver-declyvqvatouksdmsormlwyunash/Build/Intermediates.noindex/ArchiveIntermediates/Chord\ Solver/IntermediateBuildFilesPath/Chord\ Solver.build/Release-iphoneos/Chord\ Solver.build/Chord\ Solver.DependencyMetadataFileList

WriteAuxiliaryFile /Users/dps/Library/Developer/Xcode/DerivedData/Chord_Solver-declyvqvatouksdmsormlwyunash/Build/Intermediates.noindex/ArchiveIntermediates/Chord\ Solver/IntermediateBuildFilesPath/Chord\ Solver.build/Release-iphoneos/Chord\ Solver.build/Chord\ Solver-project-headers.hmap (in target 'Chord Solver' from project 'Chord Solver')
    cd /Users/dps/Developer/My\ Repos/chord-solver-ios
    write-file /Users/dps/Library/Developer/Xcode/DerivedData/Chord_Solver-declyvqvatouksdmsormlwyunash/Build/Intermediates.noindex/ArchiveIntermediates/Chord\ Solver/IntermediateBuildFilesPath/Chord\ Solver.build/Release-iphoneos/Chord\ Solver.build/Chord\ Solver-project-headers.hmap

WriteAuxiliaryFile /Users/dps/Library/Developer/Xcode/DerivedData/Chord_Solver-declyvqvatouksdmsormlwyunash/Build/Intermediates.noindex/ArchiveIntermediates/Chord\ Solver/IntermediateBuildFilesPath/Chord\ Solver.build/Release-iphoneos/Chord\ Solver.build/Chord\ Solver-own-target-headers.hmap (in target 'Chord Solver' from project 'Chord Solver')
    cd /Users/dps/Developer/My\ Repos/chord-solver-ios
    write-file /Users/dps/Library/Developer/Xcode/DerivedData/Chord_Solver-declyvqvatouksdmsormlwyunash/Build/Intermediates.noindex/ArchiveIntermediates/Chord\ Solver/IntermediateBuildFilesPath/Chord\ Solver.build/Release-iphoneos/Chord\ Solver.build/Chord\ Solver-own-target-headers.hmap

WriteAuxiliaryFile /Users/dps/Library/Developer/Xcode/DerivedData/Chord_Solver-declyvqvatouksdmsormlwyunash/Build/Intermediates.noindex/ArchiveIntermediates/Chord\ Solver/IntermediateBuildFilesPath/Chord\ Solver.build/Release-iphoneos/Chord\ Solver.build/Chord\ Solver-generated-files.hmap (in target 'Chord Solver' from project 'Chord Solver')
    cd /Users/dps/Developer/My\ Repos/chord-solver-ios
    write-file /Users/dps/Library/Developer/Xcode/DerivedData/Chord_Solver-declyvqvatouksdmsormlwyunash/Build/Intermediates.noindex/ArchiveIntermediates/Chord\ Solver/IntermediateBuildFilesPath/Chord\ Solver.build/Release-iphoneos/Chord\ Solver.build/Chord\ Solver-generated-files.hmap

WriteAuxiliaryFile /Users/dps/Library/Developer/Xcode/DerivedData/Chord_Solver-declyvqvatouksdmsormlwyunash/Build/Intermediates.noindex/ArchiveIntermediates/Chord\ Solver/IntermediateBuildFilesPath/Chord\ Solver.build/Release-iphoneos/Chord\ Solver.build/Chord\ Solver-all-target-headers.hmap (in target 'Chord Solver' from project 'Chord Solver')
    cd /Users/dps/Developer/My\ Repos/chord-solver-ios
    write-file /Users/dps/Library/Developer/Xcode/DerivedData/Chord_Solver-declyvqvatouksdmsormlwyunash/Build/Intermediates.noindex/ArchiveIntermediates/Chord\ Solver/IntermediateBuildFilesPath/Chord\ Solver.build/Release-iphoneos/Chord\ Solver.build/Chord\ Solver-all-target-headers.hmap

WriteAuxiliaryFile /Users/dps/Library/Developer/Xcode/DerivedData/Chord_Solver-declyvqvatouksdmsormlwyunash/Build/Intermediates.noindex/ArchiveIntermediates/Chord\ Solver/IntermediateBuildFilesPath/Chord\ Solver.build/Release-iphoneos/Chord\ Solver.build/Chord\ Solver-all-non-framework-target-headers.hmap (in target 'Chord Solver' from project 'Chord Solver')
    cd /Users/dps/Developer/My\ Repos/chord-solver-ios
    write-file /Users/dps/Library/Developer/Xcode/DerivedData/Chord_Solver-declyvqvatouksdmsormlwyunash/Build/Intermediates.noindex/ArchiveIntermediates/Chord\ Solver/IntermediateBuildFilesPath/Chord\ Solver.build/Release-iphoneos/Chord\ Solver.build/Chord\ Solver-all-non-framework-target-headers.hmap

ValidateDevelopmentAssets /Users/dps/Library/Developer/Xcode/DerivedData/Chord_Solver-declyvqvatouksdmsormlwyunash/Build/Intermediates.noindex/ArchiveIntermediates/Chord\ Solver/IntermediateBuildFilesPath/Chord\ Solver.build/Release-iphoneos/Chord\ Solver.build (in target 'Chord Solver' from project 'Chord Solver')
    cd /Users/dps/Developer/My\ Repos/chord-solver-ios
    builtin-validate-development-assets --validate YES_ERROR /Users/dps/Developer/My\ Repos/chord-solver-ios/Chord\ Solver/Preview\ Content

SymLink /Users/dps/Library/Developer/Xcode/DerivedData/Chord_Solver-declyvqvatouksdmsormlwyunash/Build/Intermediates.noindex/ArchiveIntermediates/Chord\ Solver/BuildProductsPath/Release-iphoneos/Chord\ Solver.app ../../InstallationBuildProductsLocation/Applications/Chord\ Solver.app (in target 'Chord Solver' from project 'Chord Solver')
    cd /Users/dps/Developer/My\ Repos/chord-solver-ios
    /bin/ln -sfh ../../InstallationBuildProductsLocation/Applications/Chord\ Solver.app /Users/dps/Library/Developer/Xcode/DerivedData/Chord_Solver-declyvqvatouksdmsormlwyunash/Build/Intermediates.noindex/ArchiveIntermediates/Chord\ Solver/BuildProductsPath/Release-iphoneos/Chord\ Solver.app

MkDir /Users/dps/Library/Developer/Xcode/DerivedData/Chord_Solver-declyvqvatouksdmsormlwyunash/Build/Intermediates.noindex/ArchiveIntermediates/Chord\ Solver/InstallationBuildProductsLocation/Applications/Chord\ Solver.app (in target 'Chord Solver' from project 'Chord Solver')
    cd /Users/dps/Developer/My\ Repos/chord-solver-ios
    /bin/mkdir -p /Users/dps/Library/Developer/Xcode/DerivedData/Chord_Solver-declyvqvatouksdmsormlwyunash/Build/Intermediates.noindex/ArchiveIntermediates/Chord\ Solver/InstallationBuildProductsLocation/Applications/Chord\ Solver.app

ProcessProductPackaging /Users/dps/Library/Developer/Xcode/UserData/Provisioning\ Profiles/e94423ac-0ff4-4719-b1f9-2c0edd186c2b.mobileprovision /Users/dps/Library/Developer/Xcode/DerivedData/Chord_Solver-declyvqvatouksdmsormlwyunash/Build/Intermediates.noindex/ArchiveIntermediates/Chord\ Solver/InstallationBuildProductsLocation/Applications/Chord\ Solver.app/embedded.mobileprovision (in target 'Chord Solver' from project 'Chord Solver')
    cd /Users/dps/Developer/My\ Repos/chord-solver-ios
    builtin-productPackagingUtility /Users/dps/Library/Developer/Xcode/UserData/Provisioning\ Profiles/e94423ac-0ff4-4719-b1f9-2c0edd186c2b.mobileprovision -o /Users/dps/Library/Developer/Xcode/DerivedData/Chord_Solver-declyvqvatouksdmsormlwyunash/Build/Intermediates.noindex/ArchiveIntermediates/Chord\ Solver/InstallationBuildProductsLocation/Applications/Chord\ Solver.app/embedded.mobileprovision

ProcessProductPackaging "" /Users/dps/Library/Developer/Xcode/DerivedData/Chord_Solver-declyvqvatouksdmsormlwyunash/Build/Intermediates.noindex/ArchiveIntermediates/Chord\ Solver/IntermediateBuildFilesPath/Chord\ Solver.build/Release-iphoneos/Chord\ Solver.build/Chord\ Solver.app.xcent (in target 'Chord Solver' from project 'Chord Solver')
    cd /Users/dps/Developer/My\ Repos/chord-solver-ios
    
    Entitlements:
    
    {
    "application-identifier" = "467UZHSCC3.com.dpstudios.Chord-Solver";
    "com.apple.developer.team-identifier" = 467UZHSCC3;
    "get-task-allow" = 1;
}
    
    builtin-productPackagingUtility -entitlements -format xml -o /Users/dps/Library/Developer/Xcode/DerivedData/Chord_Solver-declyvqvatouksdmsormlwyunash/Build/Intermediates.noindex/ArchiveIntermediates/Chord\ Solver/IntermediateBuildFilesPath/Chord\ Solver.build/Release-iphoneos/Chord\ Solver.build/Chord\ Solver.app.xcent

ProcessProductPackagingDER /Users/dps/Library/Developer/Xcode/DerivedData/Chord_Solver-declyvqvatouksdmsormlwyunash/Build/Intermediates.noindex/ArchiveIntermediates/Chord\ Solver/IntermediateBuildFilesPath/Chord\ Solver.build/Release-iphoneos/Chord\ Solver.build/Chord\ Solver.app.xcent /Users/dps/Library/Developer/Xcode/DerivedData/Chord_Solver-declyvqvatouksdmsormlwyunash/Build/Intermediates.noindex/ArchiveIntermediates/Chord\ Solver/IntermediateBuildFilesPath/Chord\ Solver.build/Release-iphoneos/Chord\ Solver.build/Chord\ Solver.app.xcent.der (in target 'Chord Solver' from project 'Chord Solver')
    cd /Users/dps/Developer/My\ Repos/chord-solver-ios
    /usr/bin/derq query -f xml -i /Users/dps/Library/Developer/Xcode/DerivedData/Chord_Solver-declyvqvatouksdmsormlwyunash/Build/Intermediates.noindex/ArchiveIntermediates/Chord\ Solver/IntermediateBuildFilesPath/Chord\ Solver.build/Release-iphoneos/Chord\ Solver.build/Chord\ Solver.app.xcent -o /Users/dps/Library/Developer/Xcode/DerivedData/Chord_Solver-declyvqvatouksdmsormlwyunash/Build/Intermediates.noindex/ArchiveIntermediates/Chord\ Solver/IntermediateBuildFilesPath/Chord\ Solver.build/Release-iphoneos/Chord\ Solver.build/Chord\ Solver.app.xcent.der --raw

MkDir /Users/dps/Library/Developer/Xcode/DerivedData/Chord_Solver-declyvqvatouksdmsormlwyunash/Build/Intermediates.noindex/ArchiveIntermediates/Chord\ Solver/IntermediateBuildFilesPath/Chord\ Solver.build/Release-iphoneos/Chord\ Solver.build/assetcatalog_output/thinned (in target 'Chord Solver' from project 'Chord Solver')
    cd /Users/dps/Developer/My\ Repos/chord-solver-ios
    /bin/mkdir -p /Users/dps/Library/Developer/Xcode/DerivedData/Chord_Solver-declyvqvatouksdmsormlwyunash/Build/Intermediates.noindex/ArchiveIntermediates/Chord\ Solver/IntermediateBuildFilesPath/Chord\ Solver.build/Release-iphoneos/Chord\ Solver.build/assetcatalog_output/thinned

MkDir /Users/dps/Library/Developer/Xcode/DerivedData/Chord_Solver-declyvqvatouksdmsormlwyunash/Build/Intermediates.noindex/ArchiveIntermediates/Chord\ Solver/IntermediateBuildFilesPath/Chord\ Solver.build/Release-iphoneos/Chord\ Solver.build/assetcatalog_output/unthinned (in target 'Chord Solver' from project 'Chord Solver')
    cd /Users/dps/Developer/My\ Repos/chord-solver-ios
    /bin/mkdir -p /Users/dps/Library/Developer/Xcode/DerivedData/Chord_Solver-declyvqvatouksdmsormlwyunash/Build/Intermediates.noindex/ArchiveIntermediates/Chord\ Solver/IntermediateBuildFilesPath/Chord\ Solver.build/Release-iphoneos/Chord\ Solver.build/assetcatalog_output/unthinned

GenerateAssetSymbols /Users/dps/Developer/My\ Repos/chord-solver-ios/Chord\ Solver/Assets.xcassets (in target 'Chord Solver' from project 'Chord Solver')
    cd /Users/dps/Developer/My\ Repos/chord-solver-ios
    /Applications/Xcode.app/Contents/Developer/usr/bin/actool /Users/dps/Developer/My\ Repos/chord-solver-ios/Chord\ Solver/Assets.xcassets --compile /Users/dps/Library/Developer/Xcode/DerivedData/Chord_Solver-declyvqvatouksdmsormlwyunash/Build/Intermediates.noindex/ArchiveIntermediates/Chord\ Solver/InstallationBuildProductsLocation/Applications/Chord\ Solver.app --output-format human-readable-text --notices --warnings --export-dependency-info /Users/dps/Library/Developer/Xcode/DerivedData/Chord_Solver-declyvqvatouksdmsormlwyunash/Build/Intermediates.noindex/ArchiveIntermediates/Chord\ Solver/IntermediateBuildFilesPath/Chord\ Solver.build/Release-iphoneos/Chord\ Solver.build/assetcatalog_dependencies --output-partial-info-plist /Users/dps/Library/Developer/Xcode/DerivedData/Chord_Solver-declyvqvatouksdmsormlwyunash/Build/Intermediates.noindex/ArchiveIntermediates/Chord\ Solver/IntermediateBuildFilesPath/Chord\ Solver.build/Release-iphoneos/Chord\ Solver.build/assetcatalog_generated_info.plist --app-icon AppIcon --accent-color AccentColor --compress-pngs --enable-on-demand-resources YES --development-region en --target-device iphone --target-device ipad --minimum-deployment-target 18.0 --platform iphoneos --bundle-identifier com.dpstudios.Chord-Solver --generate-swift-asset-symbol-extensions NO --generate-swift-asset-symbols /Users/dps/Library/Developer/Xcode/DerivedData/Chord_Solver-declyvqvatouksdmsormlwyunash/Build/Intermediates.noindex/ArchiveIntermediates/Chord\ Solver/IntermediateBuildFilesPath/Chord\ Solver.build/Release-iphoneos/Chord\ Solver.build/DerivedSources/GeneratedAssetSymbols.swift --generate-objc-asset-symbols /Users/dps/Library/Developer/Xcode/DerivedData/Chord_Solver-declyvqvatouksdmsormlwyunash/Build/Intermediates.noindex/ArchiveIntermediates/Chord\ Solver/IntermediateBuildFilesPath/Chord\ Solver.build/Release-iphoneos/Chord\ Solver.build/DerivedSources/GeneratedAssetSymbols.h --generate-asset-symbol-index /Users/dps/Library/Developer/Xcode/DerivedData/Chord_Solver-declyvqvatouksdmsormlwyunash/Build/Intermediates.noindex/ArchiveIntermediates/Chord\ Solver/IntermediateBuildFilesPath/Chord\ Solver.build/Release-iphoneos/Chord\ Solver.build/DerivedSources/GeneratedAssetSymbols-Index.plist
/* com.apple.actool.compilation-results */
/Users/dps/Library/Developer/Xcode/DerivedData/Chord_Solver-declyvqvatouksdmsormlwyunash/Build/Intermediates.noindex/ArchiveIntermediates/Chord Solver/IntermediateBuildFilesPath/Chord Solver.build/Release-iphoneos/Chord Solver.build/DerivedSources/GeneratedAssetSymbols-Index.plist
/Users/dps/Library/Developer/Xcode/DerivedData/Chord_Solver-declyvqvatouksdmsormlwyunash/Build/Intermediates.noindex/ArchiveIntermediates/Chord Solver/IntermediateBuildFilesPath/Chord Solver.build/Release-iphoneos/Chord Solver.build/DerivedSources/GeneratedAssetSymbols.h
/Users/dps/Library/Developer/Xcode/DerivedData/Chord_Solver-declyvqvatouksdmsormlwyunash/Build/Intermediates.noindex/ArchiveIntermediates/Chord Solver/IntermediateBuildFilesPath/Chord Solver.build/Release-iphoneos/Chord Solver.build/DerivedSources/GeneratedAssetSymbols.swift


CompileAssetCatalogVariant thinned /Users/dps/Library/Developer/Xcode/DerivedData/Chord_Solver-declyvqvatouksdmsormlwyunash/Build/Intermediates.noindex/ArchiveIntermediates/Chord\ Solver/InstallationBuildProductsLocation/Applications/Chord\ Solver.app /Users/dps/Developer/My\ Repos/chord-solver-ios/Chord\ Solver/Assets.xcassets (in target 'Chord Solver' from project 'Chord Solver')
    cd /Users/dps/Developer/My\ Repos/chord-solver-ios
    /Applications/Xcode.app/Contents/Developer/usr/bin/actool /Users/dps/Developer/My\ Repos/chord-solver-ios/Chord\ Solver/Assets.xcassets --compile /Users/dps/Library/Developer/Xcode/DerivedData/Chord_Solver-declyvqvatouksdmsormlwyunash/Build/Intermediates.noindex/ArchiveIntermediates/Chord\ Solver/IntermediateBuildFilesPath/Chord\ Solver.build/Release-iphoneos/Chord\ Solver.build/assetcatalog_output/thinned --output-format human-readable-text --notices --warnings --export-dependency-info /Users/dps/Library/Developer/Xcode/DerivedData/Chord_Solver-declyvqvatouksdmsormlwyunash/Build/Intermediates.noindex/ArchiveIntermediates/Chord\ Solver/IntermediateBuildFilesPath/Chord\ Solver.build/Release-iphoneos/Chord\ Solver.build/assetcatalog_dependencies_thinned --output-partial-info-plist /Users/dps/Library/Developer/Xcode/DerivedData/Chord_Solver-declyvqvatouksdmsormlwyunash/Build/Intermediates.noindex/ArchiveIntermediates/Chord\ Solver/IntermediateBuildFilesPath/Chord\ Solver.build/Release-iphoneos/Chord\ Solver.build/assetcatalog_generated_info.plist_thinned --app-icon AppIcon --accent-color AccentColor --compress-pngs --enable-on-demand-resources YES --development-region en --target-device iphone --target-device ipad --minimum-deployment-target 18.0 --platform iphoneos
/* com.apple.actool.document.notices */
/Users/dps/Developer/My Repos/chord-solver-ios/Chord Solver/Assets.xcassets:./AppIcon.appiconset/[][ipad][76x76][][][1x][][][][]: notice: 76x76@1x app icons only apply to iPad apps targeting releases of iOS prior to 10.0.
/* com.apple.actool.compilation-results */
/Users/dps/Library/Developer/Xcode/DerivedData/Chord_Solver-declyvqvatouksdmsormlwyunash/Build/Intermediates.noindex/ArchiveIntermediates/Chord Solver/IntermediateBuildFilesPath/Chord Solver.build/Release-iphoneos/Chord Solver.build/assetcatalog_generated_info.plist_thinned
/Users/dps/Library/Developer/Xcode/DerivedData/Chord_Solver-declyvqvatouksdmsormlwyunash/Build/Intermediates.noindex/ArchiveIntermediates/Chord Solver/IntermediateBuildFilesPath/Chord Solver.build/Release-iphoneos/Chord Solver.build/assetcatalog_output/thinned/AppIcon60x60@2x.png
/Users/dps/Library/Developer/Xcode/DerivedData/Chord_Solver-declyvqvatouksdmsormlwyunash/Build/Intermediates.noindex/ArchiveIntermediates/Chord Solver/IntermediateBuildFilesPath/Chord Solver.build/Release-iphoneos/Chord Solver.build/assetcatalog_output/thinned/AppIcon76x76@2x~ipad.png
/Users/dps/Library/Developer/Xcode/DerivedData/Chord_Solver-declyvqvatouksdmsormlwyunash/Build/Intermediates.noindex/ArchiveIntermediates/Chord Solver/IntermediateBuildFilesPath/Chord Solver.build/Release-iphoneos/Chord Solver.build/assetcatalog_output/thinned/Assets.car


SwiftDriver Chord\ Solver normal arm64 com.apple.xcode.tools.swift.compiler (in target 'Chord Solver' from project 'Chord Solver')
    cd /Users/dps/Developer/My\ Repos/chord-solver-ios
    builtin-SwiftDriver -- /Applications/Xcode.app/Contents/Developer/Toolchains/XcodeDefault.xctoolchain/usr/bin/swiftc -module-name Chord_Solver -O -whole-module-optimization -enforce-exclusivity\=checked @/Users/dps/Library/Developer/Xcode/DerivedData/Chord_Solver-declyvqvatouksdmsormlwyunash/Build/Intermediates.noindex/ArchiveIntermediates/Chord\ Solver/IntermediateBuildFilesPath/Chord\ Solver.build/Release-iphoneos/Chord\ Solver.build/Objects-normal/arm64/Chord\ Solver.SwiftFileList -enable-bare-slash-regex -enable-experimental-feature DebugDescriptionMacro -sdk /Applications/Xcode.app/Contents/Developer/Platforms/iPhoneOS.platform/Developer/SDKs/iPhoneOS18.5.sdk -target arm64-apple-ios18.0 -g -module-cache-path /Users/dps/Library/Developer/Xcode/DerivedData/ModuleCache.noindex -Xfrontend -serialize-debugging-options -swift-version 5 -I /Users/dps/Library/Developer/Xcode/DerivedData/Chord_Solver-declyvqvatouksdmsormlwyunash/Build/Intermediates.noindex/ArchiveIntermediates/Chord\ Solver/BuildProductsPath/Release-iphoneos -F /Users/dps/Library/Developer/Xcode/DerivedData/Chord_Solver-declyvqvatouksdmsormlwyunash/Build/Intermediates.noindex/ArchiveIntermediates/Chord\ Solver/BuildProductsPath/Release-iphoneos -c -num-threads 8 -Xcc -ivfsstatcache -Xcc /Users/dps/Library/Developer/Xcode/DerivedData/SDKStatCaches.noindex/iphoneos18.5-22F76-7fa4eea80a99bbfdc046826b63ec4baf.sdkstatcache -output-file-map /Users/dps/Library/Developer/Xcode/DerivedData/Chord_Solver-declyvqvatouksdmsormlwyunash/Build/Intermediates.noindex/ArchiveIntermediates/Chord\ Solver/IntermediateBuildFilesPath/Chord\ Solver.build/Release-iphoneos/Chord\ Solver.build/Objects-normal/arm64/Chord\ Solver-OutputFileMap.json -use-frontend-parseable-output -save-temps -no-color-diagnostics -serialize-diagnostics -emit-dependencies -emit-module -emit-module-path /Users/dps/Library/Developer/Xcode/DerivedData/Chord_Solver-declyvqvatouksdmsormlwyunash/Build/Intermediates.noindex/ArchiveIntermediates/Chord\ Solver/IntermediateBuildFilesPath/Chord\ Solver.build/Release-iphoneos/Chord\ Solver.build/Objects-normal/arm64/Chord_Solver.swiftmodule -validate-clang-modules-once -clang-build-session-file /Users/dps/Library/Developer/Xcode/DerivedData/ModuleCache.noindex/Session.modulevalidation -Xcc -I/Users/dps/Library/Developer/Xcode/DerivedData/Chord_Solver-declyvqvatouksdmsormlwyunash/Build/Intermediates.noindex/ArchiveIntermediates/Chord\ Solver/IntermediateBuildFilesPath/Chord\ Solver.build/Release-iphoneos/Chord\ Solver.build/swift-overrides.hmap -emit-const-values -Xfrontend -const-gather-protocols-file -Xfrontend /Users/dps/Library/Developer/Xcode/DerivedData/Chord_Solver-declyvqvatouksdmsormlwyunash/Build/Intermediates.noindex/ArchiveIntermediates/Chord\ Solver/IntermediateBuildFilesPath/Chord\ Solver.build/Release-iphoneos/Chord\ Solver.build/Objects-normal/arm64/Chord\ Solver_const_extract_protocols.json -Xcc -iquote -Xcc /Users/dps/Library/Developer/Xcode/DerivedData/Chord_Solver-declyvqvatouksdmsormlwyunash/Build/Intermediates.noindex/ArchiveIntermediates/Chord\ Solver/IntermediateBuildFilesPath/Chord\ Solver.build/Release-iphoneos/Chord\ Solver.build/Chord\ Solver-generated-files.hmap -Xcc -I/Users/dps/Library/Developer/Xcode/DerivedData/Chord_Solver-declyvqvatouksdmsormlwyunash/Build/Intermediates.noindex/ArchiveIntermediates/Chord\ Solver/IntermediateBuildFilesPath/Chord\ Solver.build/Release-iphoneos/Chord\ Solver.build/Chord\ Solver-own-target-headers.hmap -Xcc -I/Users/dps/Library/Developer/Xcode/DerivedData/Chord_Solver-declyvqvatouksdmsormlwyunash/Build/Intermediates.noindex/ArchiveIntermediates/Chord\ Solver/IntermediateBuildFilesPath/Chord\ Solver.build/Release-iphoneos/Chord\ Solver.build/Chord\ Solver-all-target-headers.hmap -Xcc -iquote -Xcc /Users/dps/Library/Developer/Xcode/DerivedData/Chord_Solver-declyvqvatouksdmsormlwyunash/Build/Intermediates.noindex/ArchiveIntermediates/Chord\ Solver/IntermediateBuildFilesPath/Chord\ Solver.build/Release-iphoneos/Chord\ Solver.build/Chord\ Solver-project-headers.hmap -Xcc -I/Users/dps/Library/Developer/Xcode/DerivedData/Chord_Solver-declyvqvatouksdmsormlwyunash/Build/Intermediates.noindex/ArchiveIntermediates/Chord\ Solver/BuildProductsPath/Release-iphoneos/include -Xcc -I/Users/dps/Library/Developer/Xcode/DerivedData/Chord_Solver-declyvqvatouksdmsormlwyunash/Build/Intermediates.noindex/ArchiveIntermediates/Chord\ Solver/IntermediateBuildFilesPath/Chord\ Solver.build/Release-iphoneos/Chord\ Solver.build/DerivedSources-normal/arm64 -Xcc -I/Users/dps/Library/Developer/Xcode/DerivedData/Chord_Solver-declyvqvatouksdmsormlwyunash/Build/Intermediates.noindex/ArchiveIntermediates/Chord\ Solver/IntermediateBuildFilesPath/Chord\ Solver.build/Release-iphoneos/Chord\ Solver.build/DerivedSources/arm64 -Xcc -I/Users/dps/Library/Developer/Xcode/DerivedData/Chord_Solver-declyvqvatouksdmsormlwyunash/Build/Intermediates.noindex/ArchiveIntermediates/Chord\ Solver/IntermediateBuildFilesPath/Chord\ Solver.build/Release-iphoneos/Chord\ Solver.build/DerivedSources -emit-objc-header -emit-objc-header-path /Users/dps/Library/Developer/Xcode/DerivedData/Chord_Solver-declyvqvatouksdmsormlwyunash/Build/Intermediates.noindex/ArchiveIntermediates/Chord\ Solver/IntermediateBuildFilesPath/Chord\ Solver.build/Release-iphoneos/Chord\ Solver.build/Objects-normal/arm64/Chord_Solver-Swift.h -working-directory /Users/dps/Developer/My\ Repos/chord-solver-ios -no-emit-module-separately-wmo

SwiftCompile normal arm64 Compiling\ Typography.swift,\ Colors.swift,\ Spacing.swift,\ Animations.swift,\ chordSolverVM.swift,\ AnswerViewModel.swift,\ triadInts.swift,\ NotePickerKeyboard.swift,\ InputTriadAns.swift,\ scaleButtons.swift,\ IntervalView.swift,\ InputChordSolveView.swift,\ ScalesView.swift,\ scaleAnsView.swift,\ ContentView.swift,\ MainTabView.swift,\ TriadView.swift,\ InputAnsView.swift,\ qualityButton.swift,\ ChordSolverView.swift,\ ChordView.swift,\ chordSolverModel.swift,\ FeatureButton.swift,\ EnhancedInputField.swift,\ NavigationCard.swift,\ intervalDistances.swift,\ scalesBuildModel.swift,\ Chord_SolverApp.swift,\ triadBuildModel.swift,\ scalesViewModel.swift,\ HapticManager.swift,\ triadViewModel.swift,\ GeneratedAssetSymbols.swift /Users/dps/Developer/My\ Repos/chord-solver-ios/Chord\ Solver/DesignSystem/Typography.swift /Users/dps/Developer/My\ Repos/chord-solver-ios/Chord\ Solver/DesignSystem/Colors.swift /Users/dps/Developer/My\ Repos/chord-solver-ios/Chord\ Solver/DesignSystem/Spacing.swift /Users/dps/Developer/My\ Repos/chord-solver-ios/Chord\ Solver/DesignSystem/Animations.swift /Users/dps/Developer/My\ Repos/chord-solver-ios/Chord\ Solver/ViewModels/chordSolverVM.swift /Users/dps/Developer/My\ Repos/chord-solver-ios/Chord\ Solver/ViewModels/AnswerViewModel.swift /Users/dps/Developer/My\ Repos/chord-solver-ios/Chord\ Solver/Models/triadInts.swift /Users/dps/Developer/My\ Repos/chord-solver-ios/Chord\ Solver/Views/Add-ons/NotePickerKeyboard.swift /Users/dps/Developer/My\ Repos/chord-solver-ios/Chord\ Solver/Views/Add-ons/InputTriadAns.swift /Users/dps/Developer/My\ Repos/chord-solver-ios/Chord\ Solver/Views/Add-ons/scaleButtons.swift /Users/dps/Developer/My\ Repos/chord-solver-ios/Chord\ Solver/Views/Main\ Screens/IntervalView.swift /Users/dps/Developer/My\ Repos/chord-solver-ios/Chord\ Solver/Views/Add-ons/InputChordSolveView.swift /Users/dps/Developer/My\ Repos/chord-solver-ios/Chord\ Solver/Views/Main\ Screens/ScalesView.swift /Users/dps/Developer/My\ Repos/chord-solver-ios/Chord\ Solver/Views/Add-ons/scaleAnsView.swift /Users/dps/Developer/My\ Repos/chord-solver-ios/Chord\ Solver/Views/Main\ Screens/ContentView.swift /Users/dps/Developer/My\ Repos/chord-solver-ios/Chord\ Solver/Views/Main\ Screens/MainTabView.swift /Users/dps/Developer/My\ Repos/chord-solver-ios/Chord\ Solver/Views/Main\ Screens/TriadView.swift /Users/dps/Developer/My\ Repos/chord-solver-ios/Chord\ Solver/Views/Add-ons/InputAnsView.swift /Users/dps/Developer/My\ Repos/chord-solver-ios/Chord\ Solver/Views/Add-ons/qualityButton.swift /Users/dps/Developer/My\ Repos/chord-solver-ios/Chord\ Solver/Views/Main\ Screens/ChordSolverView.swift /Users/dps/Developer/My\ Repos/chord-solver-ios/Chord\ Solver/Views/Main\ Screens/ChordView.swift /Users/dps/Developer/My\ Repos/chord-solver-ios/Chord\ Solver/Models/chordSolverModel.swift /Users/dps/Developer/My\ Repos/chord-solver-ios/Chord\ Solver/Components/FeatureButton.swift /Users/dps/Developer/My\ Repos/chord-solver-ios/Chord\ Solver/Components/EnhancedInputField.swift /Users/dps/Developer/My\ Repos/chord-solver-ios/Chord\ Solver/Components/NavigationCard.swift /Users/dps/Developer/My\ Repos/chord-solver-ios/Chord\ Solver/Models/intervalDistances.swift /Users/dps/Developer/My\ Repos/chord-solver-ios/Chord\ Solver/Models/scalesBuildModel.swift /Users/dps/Developer/My\ Repos/chord-solver-ios/Chord\ Solver/Chord_SolverApp.swift /Users/dps/Developer/My\ Repos/chord-solver-ios/Chord\ Solver/Models/triadBuildModel.swift /Users/dps/Developer/My\ Repos/chord-solver-ios/Chord\ Solver/ViewModels/scalesViewModel.swift /Users/dps/Developer/My\ Repos/chord-solver-ios/Chord\ Solver/Utils/HapticManager.swift /Users/dps/Developer/My\ Repos/chord-solver-ios/Chord\ Solver/ViewModels/triadViewModel.swift /Users/dps/Library/Developer/Xcode/DerivedData/Chord_Solver-declyvqvatouksdmsormlwyunash/Build/Intermediates.noindex/ArchiveIntermediates/Chord\ Solver/IntermediateBuildFilesPath/Chord\ Solver.build/Release-iphoneos/Chord\ Solver.build/DerivedSources/GeneratedAssetSymbols.swift (in target 'Chord Solver' from project 'Chord Solver')
CompileSwift normal arm64 (in target 'Chord Solver' from project 'Chord Solver')
    cd /Users/dps/Developer/My\ Repos/chord-solver-ios
    
/Users/dps/Developer/My Repos/chord-solver-ios/Chord Solver/Views/Add-ons/NotePickerKeyboard.swift:130:13: warning: result of call to 'withAnimation' is unused
            withAnimation(.spring(response: 0.3, dampingFraction: 0.7)) {
            ^            ~~~~~~~~~~~~~~~~~~~~~~~~~~~~~~~~~~~~~~~~~~~~~~~~
/Users/dps/Developer/My Repos/chord-solver-ios/Chord Solver/Views/Add-ons/InputTriadAns.swift:429:13: warning: result of call to 'withAnimation' is unused
            withAnimation(.spring(response: 0.3, dampingFraction: 0.7)) {
            ^            ~~~~~~~~~~~~~~~~~~~~~~~~~~~~~~~~~~~~~~~~~~~~~~~~
/Users/dps/Developer/My Repos/chord-solver-ios/Chord Solver/Views/Main Screens/IntervalView.swift:174:10: warning: 'onChange(of:perform:)' was deprecated in iOS 17.0: Use `onChange` with a two or zero parameter action closure instead.
        .onChange(of: bottomNote) { _ in
         ^
/Users/dps/Developer/My Repos/chord-solver-ios/Chord Solver/Views/Main Screens/IntervalView.swift:177:10: warning: 'onChange(of:perform:)' was deprecated in iOS 17.0: Use `onChange` with a two or zero parameter action closure instead.
        .onChange(of: topNote) { _ in
         ^
/Users/dps/Developer/My Repos/chord-solver-ios/Chord Solver/Views/Add-ons/InputChordSolveView.swift:41:10: warning: 'animation' was deprecated in iOS 15.0: Use withAnimation or animation(_:value:) instead.
        .animation(.easeInOut)
         ^
/Users/dps/Developer/My Repos/chord-solver-ios/Chord Solver/Views/Add-ons/scaleAnsView.swift:426:13: warning: result of call to 'withAnimation' is unused
            withAnimation(.spring(response: 0.3, dampingFraction: 0.7)) {
            ^            ~~~~~~~~~~~~~~~~~~~~~~~~~~~~~~~~~~~~~~~~~~~~~~~~
/Users/dps/Developer/My Repos/chord-solver-ios/Chord Solver/Views/Add-ons/InputAnsView.swift:229:13: warning: result of call to 'withAnimation' is unused
            withAnimation(.spring(response: 0.3, dampingFraction: 0.7)) {
            ^            ~~~~~~~~~~~~~~~~~~~~~~~~~~~~~~~~~~~~~~~~~~~~~~~~
/Users/dps/Developer/My Repos/chord-solver-ios/Chord Solver/Components/EnhancedInputField.swift:80:10: warning: 'onChange(of:perform:)' was deprecated in iOS 17.0: Use `onChange` with a two or zero parameter action closure instead.
        .onChange(of: validationState) { newState in
         ^

SwiftDriver\ Compilation Chord\ Solver normal arm64 com.apple.xcode.tools.swift.compiler (in target 'Chord Solver' from project 'Chord Solver')
    cd /Users/dps/Developer/My\ Repos/chord-solver-ios
    builtin-Swift-Compilation -- /Applications/Xcode.app/Contents/Developer/Toolchains/XcodeDefault.xctoolchain/usr/bin/swiftc -module-name Chord_Solver -O -whole-module-optimization -enforce-exclusivity\=checked @/Users/dps/Library/Developer/Xcode/DerivedData/Chord_Solver-declyvqvatouksdmsormlwyunash/Build/Intermediates.noindex/ArchiveIntermediates/Chord\ Solver/IntermediateBuildFilesPath/Chord\ Solver.build/Release-iphoneos/Chord\ Solver.build/Objects-normal/arm64/Chord\ Solver.SwiftFileList -enable-bare-slash-regex -enable-experimental-feature DebugDescriptionMacro -sdk /Applications/Xcode.app/Contents/Developer/Platforms/iPhoneOS.platform/Developer/SDKs/iPhoneOS18.5.sdk -target arm64-apple-ios18.0 -g -module-cache-path /Users/dps/Library/Developer/Xcode/DerivedData/ModuleCache.noindex -Xfrontend -serialize-debugging-options -swift-version 5 -I /Users/dps/Library/Developer/Xcode/DerivedData/Chord_Solver-declyvqvatouksdmsormlwyunash/Build/Intermediates.noindex/ArchiveIntermediates/Chord\ Solver/BuildProductsPath/Release-iphoneos -F /Users/dps/Library/Developer/Xcode/DerivedData/Chord_Solver-declyvqvatouksdmsormlwyunash/Build/Intermediates.noindex/ArchiveIntermediates/Chord\ Solver/BuildProductsPath/Release-iphoneos -c -num-threads 8 -Xcc -ivfsstatcache -Xcc /Users/dps/Library/Developer/Xcode/DerivedData/SDKStatCaches.noindex/iphoneos18.5-22F76-7fa4eea80a99bbfdc046826b63ec4baf.sdkstatcache -output-file-map /Users/dps/Library/Developer/Xcode/DerivedData/Chord_Solver-declyvqvatouksdmsormlwyunash/Build/Intermediates.noindex/ArchiveIntermediates/Chord\ Solver/IntermediateBuildFilesPath/Chord\ Solver.build/Release-iphoneos/Chord\ Solver.build/Objects-normal/arm64/Chord\ Solver-OutputFileMap.json -use-frontend-parseable-output -save-temps -no-color-diagnostics -serialize-diagnostics -emit-dependencies -emit-module -emit-module-path /Users/dps/Library/Developer/Xcode/DerivedData/Chord_Solver-declyvqvatouksdmsormlwyunash/Build/Intermediates.noindex/ArchiveIntermediates/Chord\ Solver/IntermediateBuildFilesPath/Chord\ Solver.build/Release-iphoneos/Chord\ Solver.build/Objects-normal/arm64/Chord_Solver.swiftmodule -validate-clang-modules-once -clang-build-session-file /Users/dps/Library/Developer/Xcode/DerivedData/ModuleCache.noindex/Session.modulevalidation -Xcc -I/Users/dps/Library/Developer/Xcode/DerivedData/Chord_Solver-declyvqvatouksdmsormlwyunash/Build/Intermediates.noindex/ArchiveIntermediates/Chord\ Solver/IntermediateBuildFilesPath/Chord\ Solver.build/Release-iphoneos/Chord\ Solver.build/swift-overrides.hmap -emit-const-values -Xfrontend -const-gather-protocols-file -Xfrontend /Users/dps/Library/Developer/Xcode/DerivedData/Chord_Solver-declyvqvatouksdmsormlwyunash/Build/Intermediates.noindex/ArchiveIntermediates/Chord\ Solver/IntermediateBuildFilesPath/Chord\ Solver.build/Release-iphoneos/Chord\ Solver.build/Objects-normal/arm64/Chord\ Solver_const_extract_protocols.json -Xcc -iquote -Xcc /Users/dps/Library/Developer/Xcode/DerivedData/Chord_Solver-declyvqvatouksdmsormlwyunash/Build/Intermediates.noindex/ArchiveIntermediates/Chord\ Solver/IntermediateBuildFilesPath/Chord\ Solver.build/Release-iphoneos/Chord\ Solver.build/Chord\ Solver-generated-files.hmap -Xcc -I/Users/dps/Library/Developer/Xcode/DerivedData/Chord_Solver-declyvqvatouksdmsormlwyunash/Build/Intermediates.noindex/ArchiveIntermediates/Chord\ Solver/IntermediateBuildFilesPath/Chord\ Solver.build/Release-iphoneos/Chord\ Solver.build/Chord\ Solver-own-target-headers.hmap -Xcc -I/Users/dps/Library/Developer/Xcode/DerivedData/Chord_Solver-declyvqvatouksdmsormlwyunash/Build/Intermediates.noindex/ArchiveIntermediates/Chord\ Solver/IntermediateBuildFilesPath/Chord\ Solver.build/Release-iphoneos/Chord\ Solver.build/Chord\ Solver-all-target-headers.hmap -Xcc -iquote -Xcc /Users/dps/Library/Developer/Xcode/DerivedData/Chord_Solver-declyvqvatouksdmsormlwyunash/Build/Intermediates.noindex/ArchiveIntermediates/Chord\ Solver/IntermediateBuildFilesPath/Chord\ Solver.build/Release-iphoneos/Chord\ Solver.build/Chord\ Solver-project-headers.hmap -Xcc -I/Users/dps/Library/Developer/Xcode/DerivedData/Chord_Solver-declyvqvatouksdmsormlwyunash/Build/Intermediates.noindex/ArchiveIntermediates/Chord\ Solver/BuildProductsPath/Release-iphoneos/include -Xcc -I/Users/dps/Library/Developer/Xcode/DerivedData/Chord_Solver-declyvqvatouksdmsormlwyunash/Build/Intermediates.noindex/ArchiveIntermediates/Chord\ Solver/IntermediateBuildFilesPath/Chord\ Solver.build/Release-iphoneos/Chord\ Solver.build/DerivedSources-normal/arm64 -Xcc -I/Users/dps/Library/Developer/Xcode/DerivedData/Chord_Solver-declyvqvatouksdmsormlwyunash/Build/Intermediates.noindex/ArchiveIntermediates/Chord\ Solver/IntermediateBuildFilesPath/Chord\ Solver.build/Release-iphoneos/Chord\ Solver.build/DerivedSources/arm64 -Xcc -I/Users/dps/Library/Developer/Xcode/DerivedData/Chord_Solver-declyvqvatouksdmsormlwyunash/Build/Intermediates.noindex/ArchiveIntermediates/Chord\ Solver/IntermediateBuildFilesPath/Chord\ Solver.build/Release-iphoneos/Chord\ Solver.build/DerivedSources -emit-objc-header -emit-objc-header-path /Users/dps/Library/Developer/Xcode/DerivedData/Chord_Solver-declyvqvatouksdmsormlwyunash/Build/Intermediates.noindex/ArchiveIntermediates/Chord\ Solver/IntermediateBuildFilesPath/Chord\ Solver.build/Release-iphoneos/Chord\ Solver.build/Objects-normal/arm64/Chord_Solver-Swift.h -working-directory /Users/dps/Developer/My\ Repos/chord-solver-ios -no-emit-module-separately-wmo

LinkAssetCatalog /Users/dps/Developer/My\ Repos/chord-solver-ios/Chord\ Solver/Assets.xcassets (in target 'Chord Solver' from project 'Chord Solver')
    cd /Users/dps/Developer/My\ Repos/chord-solver-ios
    builtin-linkAssetCatalog --thinned /Users/dps/Library/Developer/Xcode/DerivedData/Chord_Solver-declyvqvatouksdmsormlwyunash/Build/Intermediates.noindex/ArchiveIntermediates/Chord\ Solver/IntermediateBuildFilesPath/Chord\ Solver.build/Release-iphoneos/Chord\ Solver.build/assetcatalog_output/thinned --thinned-dependencies /Users/dps/Library/Developer/Xcode/DerivedData/Chord_Solver-declyvqvatouksdmsormlwyunash/Build/Intermediates.noindex/ArchiveIntermediates/Chord\ Solver/IntermediateBuildFilesPath/Chord\ Solver.build/Release-iphoneos/Chord\ Solver.build/assetcatalog_dependencies_thinned --thinned-info-plist-content /Users/dps/Library/Developer/Xcode/DerivedData/Chord_Solver-declyvqvatouksdmsormlwyunash/Build/Intermediates.noindex/ArchiveIntermediates/Chord\ Solver/IntermediateBuildFilesPath/Chord\ Solver.build/Release-iphoneos/Chord\ Solver.build/assetcatalog_generated_info.plist_thinned --unthinned /Users/dps/Library/Developer/Xcode/DerivedData/Chord_Solver-declyvqvatouksdmsormlwyunash/Build/Intermediates.noindex/ArchiveIntermediates/Chord\ Solver/IntermediateBuildFilesPath/Chord\ Solver.build/Release-iphoneos/Chord\ Solver.build/assetcatalog_output/unthinned --unthinned-dependencies /Users/dps/Library/Developer/Xcode/DerivedData/Chord_Solver-declyvqvatouksdmsormlwyunash/Build/Intermediates.noindex/ArchiveIntermediates/Chord\ Solver/IntermediateBuildFilesPath/Chord\ Solver.build/Release-iphoneos/Chord\ Solver.build/assetcatalog_dependencies_unthinned --unthinned-info-plist-content /Users/dps/Library/Developer/Xcode/DerivedData/Chord_Solver-declyvqvatouksdmsormlwyunash/Build/Intermediates.noindex/ArchiveIntermediates/Chord\ Solver/IntermediateBuildFilesPath/Chord\ Solver.build/Release-iphoneos/Chord\ Solver.build/assetcatalog_generated_info.plist_unthinned --output /Users/dps/Library/Developer/Xcode/DerivedData/Chord_Solver-declyvqvatouksdmsormlwyunash/Build/Intermediates.noindex/ArchiveIntermediates/Chord\ Solver/InstallationBuildProductsLocation/Applications/Chord\ Solver.app --plist-output /Users/dps/Library/Developer/Xcode/DerivedData/Chord_Solver-declyvqvatouksdmsormlwyunash/Build/Intermediates.noindex/ArchiveIntermediates/Chord\ Solver/IntermediateBuildFilesPath/Chord\ Solver.build/Release-iphoneos/Chord\ Solver.build/assetcatalog_generated_info.plist
note: Emplaced /Users/dps/Library/Developer/Xcode/DerivedData/Chord_Solver-declyvqvatouksdmsormlwyunash/Build/Intermediates.noindex/ArchiveIntermediates/Chord Solver/InstallationBuildProductsLocation/Applications/Chord Solver.app/AppIcon76x76@2x~ipad.png (in target 'Chord Solver' from project 'Chord Solver')
note: Emplaced /Users/dps/Library/Developer/Xcode/DerivedData/Chord_Solver-declyvqvatouksdmsormlwyunash/Build/Intermediates.noindex/ArchiveIntermediates/Chord Solver/InstallationBuildProductsLocation/Applications/Chord Solver.app/Assets.car (in target 'Chord Solver' from project 'Chord Solver')
note: Emplaced /Users/dps/Library/Developer/Xcode/DerivedData/Chord_Solver-declyvqvatouksdmsormlwyunash/Build/Intermediates.noindex/ArchiveIntermediates/Chord Solver/InstallationBuildProductsLocation/Applications/Chord Solver.app/AppIcon60x60@2x.png (in target 'Chord Solver' from project 'Chord Solver')

ProcessInfoPlistFile /Users/dps/Library/Developer/Xcode/DerivedData/Chord_Solver-declyvqvatouksdmsormlwyunash/Build/Intermediates.noindex/ArchiveIntermediates/Chord\ Solver/InstallationBuildProductsLocation/Applications/Chord\ Solver.app/Info.plist /Users/dps/Developer/My\ Repos/chord-solver-ios/Chord\ Solver/Info.plist (in target 'Chord Solver' from project 'Chord Solver')
    cd /Users/dps/Developer/My\ Repos/chord-solver-ios
    builtin-infoPlistUtility /Users/dps/Developer/My\ Repos/chord-solver-ios/Chord\ Solver/Info.plist -producttype com.apple.product-type.application -genpkginfo /Users/dps/Library/Developer/Xcode/DerivedData/Chord_Solver-declyvqvatouksdmsormlwyunash/Build/Intermediates.noindex/ArchiveIntermediates/Chord\ Solver/InstallationBuildProductsLocation/Applications/Chord\ Solver.app/PkgInfo -expandbuildsettings -format binary -platform iphoneos -additionalcontentfile /Users/dps/Library/Developer/Xcode/DerivedData/Chord_Solver-declyvqvatouksdmsormlwyunash/Build/Intermediates.noindex/ArchiveIntermediates/Chord\ Solver/IntermediateBuildFilesPath/Chord\ Solver.build/Release-iphoneos/Chord\ Solver.build/assetcatalog_generated_info.plist -requiredArchitecture arm64 -o /Users/dps/Library/Developer/Xcode/DerivedData/Chord_Solver-declyvqvatouksdmsormlwyunash/Build/Intermediates.noindex/ArchiveIntermediates/Chord\ Solver/InstallationBuildProductsLocation/Applications/Chord\ Solver.app/Info.plist

SwiftDriverJobDiscovery normal arm64 Compiling Typography.swift, Colors.swift, Spacing.swift, Animations.swift, chordSolverVM.swift, AnswerViewModel.swift, triadInts.swift, NotePickerKeyboard.swift, InputTriadAns.swift, scaleButtons.swift, IntervalView.swift, InputChordSolveView.swift, ScalesView.swift, scaleAnsView.swift, ContentView.swift, MainTabView.swift, TriadView.swift, InputAnsView.swift, qualityButton.swift, ChordSolverView.swift, ChordView.swift, chordSolverModel.swift, FeatureButton.swift, EnhancedInputField.swift, NavigationCard.swift, intervalDistances.swift, scalesBuildModel.swift, Chord_SolverApp.swift, triadBuildModel.swift, scalesViewModel.swift, HapticManager.swift, triadViewModel.swift, GeneratedAssetSymbols.swift (in target 'Chord Solver' from project 'Chord Solver')

SwiftDriver\ Compilation\ Requirements Chord\ Solver normal arm64 com.apple.xcode.tools.swift.compiler (in target 'Chord Solver' from project 'Chord Solver')
    cd /Users/dps/Developer/My\ Repos/chord-solver-ios
    builtin-Swift-Compilation-Requirements -- /Applications/Xcode.app/Contents/Developer/Toolchains/XcodeDefault.xctoolchain/usr/bin/swiftc -module-name Chord_Solver -O -whole-module-optimization -enforce-exclusivity\=checked @/Users/dps/Library/Developer/Xcode/DerivedData/Chord_Solver-declyvqvatouksdmsormlwyunash/Build/Intermediates.noindex/ArchiveIntermediates/Chord\ Solver/IntermediateBuildFilesPath/Chord\ Solver.build/Release-iphoneos/Chord\ Solver.build/Objects-normal/arm64/Chord\ Solver.SwiftFileList -enable-bare-slash-regex -enable-experimental-feature DebugDescriptionMacro -sdk /Applications/Xcode.app/Contents/Developer/Platforms/iPhoneOS.platform/Developer/SDKs/iPhoneOS18.5.sdk -target arm64-apple-ios18.0 -g -module-cache-path /Users/dps/Library/Developer/Xcode/DerivedData/ModuleCache.noindex -Xfrontend -serialize-debugging-options -swift-version 5 -I /Users/dps/Library/Developer/Xcode/DerivedData/Chord_Solver-declyvqvatouksdmsormlwyunash/Build/Intermediates.noindex/ArchiveIntermediates/Chord\ Solver/BuildProductsPath/Release-iphoneos -F /Users/dps/Library/Developer/Xcode/DerivedData/Chord_Solver-declyvqvatouksdmsormlwyunash/Build/Intermediates.noindex/ArchiveIntermediates/Chord\ Solver/BuildProductsPath/Release-iphoneos -c -num-threads 8 -Xcc -ivfsstatcache -Xcc /Users/dps/Library/Developer/Xcode/DerivedData/SDKStatCaches.noindex/iphoneos18.5-22F76-7fa4eea80a99bbfdc046826b63ec4baf.sdkstatcache -output-file-map /Users/dps/Library/Developer/Xcode/DerivedData/Chord_Solver-declyvqvatouksdmsormlwyunash/Build/Intermediates.noindex/ArchiveIntermediates/Chord\ Solver/IntermediateBuildFilesPath/Chord\ Solver.build/Release-iphoneos/Chord\ Solver.build/Objects-normal/arm64/Chord\ Solver-OutputFileMap.json -use-frontend-parseable-output -save-temps -no-color-diagnostics -serialize-diagnostics -emit-dependencies -emit-module -emit-module-path /Users/dps/Library/Developer/Xcode/DerivedData/Chord_Solver-declyvqvatouksdmsormlwyunash/Build/Intermediates.noindex/ArchiveIntermediates/Chord\ Solver/IntermediateBuildFilesPath/Chord\ Solver.build/Release-iphoneos/Chord\ Solver.build/Objects-normal/arm64/Chord_Solver.swiftmodule -validate-clang-modules-once -clang-build-session-file /Users/dps/Library/Developer/Xcode/DerivedData/ModuleCache.noindex/Session.modulevalidation -Xcc -I/Users/dps/Library/Developer/Xcode/DerivedData/Chord_Solver-declyvqvatouksdmsormlwyunash/Build/Intermediates.noindex/ArchiveIntermediates/Chord\ Solver/IntermediateBuildFilesPath/Chord\ Solver.build/Release-iphoneos/Chord\ Solver.build/swift-overrides.hmap -emit-const-values -Xfrontend -const-gather-protocols-file -Xfrontend /Users/dps/Library/Developer/Xcode/DerivedData/Chord_Solver-declyvqvatouksdmsormlwyunash/Build/Intermediates.noindex/ArchiveIntermediates/Chord\ Solver/IntermediateBuildFilesPath/Chord\ Solver.build/Release-iphoneos/Chord\ Solver.build/Objects-normal/arm64/Chord\ Solver_const_extract_protocols.json -Xcc -iquote -Xcc /Users/dps/Library/Developer/Xcode/DerivedData/Chord_Solver-declyvqvatouksdmsormlwyunash/Build/Intermediates.noindex/ArchiveIntermediates/Chord\ Solver/IntermediateBuildFilesPath/Chord\ Solver.build/Release-iphoneos/Chord\ Solver.build/Chord\ Solver-generated-files.hmap -Xcc -I/Users/dps/Library/Developer/Xcode/DerivedData/Chord_Solver-declyvqvatouksdmsormlwyunash/Build/Intermediates.noindex/ArchiveIntermediates/Chord\ Solver/IntermediateBuildFilesPath/Chord\ Solver.build/Release-iphoneos/Chord\ Solver.build/Chord\ Solver-own-target-headers.hmap -Xcc -I/Users/dps/Library/Developer/Xcode/DerivedData/Chord_Solver-declyvqvatouksdmsormlwyunash/Build/Intermediates.noindex/ArchiveIntermediates/Chord\ Solver/IntermediateBuildFilesPath/Chord\ Solver.build/Release-iphoneos/Chord\ Solver.build/Chord\ Solver-all-target-headers.hmap -Xcc -iquote -Xcc /Users/dps/Library/Developer/Xcode/DerivedData/Chord_Solver-declyvqvatouksdmsormlwyunash/Build/Intermediates.noindex/ArchiveIntermediates/Chord\ Solver/IntermediateBuildFilesPath/Chord\ Solver.build/Release-iphoneos/Chord\ Solver.build/Chord\ Solver-project-headers.hmap -Xcc -I/Users/dps/Library/Developer/Xcode/DerivedData/Chord_Solver-declyvqvatouksdmsormlwyunash/Build/Intermediates.noindex/ArchiveIntermediates/Chord\ Solver/BuildProductsPath/Release-iphoneos/include -Xcc -I/Users/dps/Library/Developer/Xcode/DerivedData/Chord_Solver-declyvqvatouksdmsormlwyunash/Build/Intermediates.noindex/ArchiveIntermediates/Chord\ Solver/IntermediateBuildFilesPath/Chord\ Solver.build/Release-iphoneos/Chord\ Solver.build/DerivedSources-normal/arm64 -Xcc -I/Users/dps/Library/Developer/Xcode/DerivedData/Chord_Solver-declyvqvatouksdmsormlwyunash/Build/Intermediates.noindex/ArchiveIntermediates/Chord\ Solver/IntermediateBuildFilesPath/Chord\ Solver.build/Release-iphoneos/Chord\ Solver.build/DerivedSources/arm64 -Xcc -I/Users/dps/Library/Developer/Xcode/DerivedData/Chord_Solver-declyvqvatouksdmsormlwyunash/Build/Intermediates.noindex/ArchiveIntermediates/Chord\ Solver/IntermediateBuildFilesPath/Chord\ Solver.build/Release-iphoneos/Chord\ Solver.build/DerivedSources -emit-objc-header -emit-objc-header-path /Users/dps/Library/Developer/Xcode/DerivedData/Chord_Solver-declyvqvatouksdmsormlwyunash/Build/Intermediates.noindex/ArchiveIntermediates/Chord\ Solver/IntermediateBuildFilesPath/Chord\ Solver.build/Release-iphoneos/Chord\ Solver.build/Objects-normal/arm64/Chord_Solver-Swift.h -working-directory /Users/dps/Developer/My\ Repos/chord-solver-ios -no-emit-module-separately-wmo

SwiftMergeGeneratedHeaders /Users/dps/Library/Developer/Xcode/DerivedData/Chord_Solver-declyvqvatouksdmsormlwyunash/Build/Intermediates.noindex/ArchiveIntermediates/Chord\ Solver/IntermediateBuildFilesPath/Chord\ Solver.build/Release-iphoneos/Chord\ Solver.build/DerivedSources/Chord_Solver-Swift.h /Users/dps/Library/Developer/Xcode/DerivedData/Chord_Solver-declyvqvatouksdmsormlwyunash/Build/Intermediates.noindex/ArchiveIntermediates/Chord\ Solver/IntermediateBuildFilesPath/Chord\ Solver.build/Release-iphoneos/Chord\ Solver.build/Objects-normal/arm64/Chord_Solver-Swift.h (in target 'Chord Solver' from project 'Chord Solver')
    cd /Users/dps/Developer/My\ Repos/chord-solver-ios
    builtin-swiftHeaderTool -arch arm64 /Users/dps/Library/Developer/Xcode/DerivedData/Chord_Solver-declyvqvatouksdmsormlwyunash/Build/Intermediates.noindex/ArchiveIntermediates/Chord\ Solver/IntermediateBuildFilesPath/Chord\ Solver.build/Release-iphoneos/Chord\ Solver.build/Objects-normal/arm64/Chord_Solver-Swift.h -o /Users/dps/Library/Developer/Xcode/DerivedData/Chord_Solver-declyvqvatouksdmsormlwyunash/Build/Intermediates.noindex/ArchiveIntermediates/Chord\ Solver/IntermediateBuildFilesPath/Chord\ Solver.build/Release-iphoneos/Chord\ Solver.build/DerivedSources/Chord_Solver-Swift.h

Copy /Users/dps/Library/Developer/Xcode/DerivedData/Chord_Solver-declyvqvatouksdmsormlwyunash/Build/Intermediates.noindex/ArchiveIntermediates/Chord\ Solver/BuildProductsPath/Release-iphoneos/Chord_Solver.swiftmodule/arm64-apple-ios.swiftdoc /Users/dps/Library/Developer/Xcode/DerivedData/Chord_Solver-declyvqvatouksdmsormlwyunash/Build/Intermediates.noindex/ArchiveIntermediates/Chord\ Solver/IntermediateBuildFilesPath/Chord\ Solver.build/Release-iphoneos/Chord\ Solver.build/Objects-normal/arm64/Chord_Solver.swiftdoc (in target 'Chord Solver' from project 'Chord Solver')
    cd /Users/dps/Developer/My\ Repos/chord-solver-ios
    builtin-copy -exclude .DS_Store -exclude CVS -exclude .svn -exclude .git -exclude .hg -resolve-src-symlinks -rename /Users/dps/Library/Developer/Xcode/DerivedData/Chord_Solver-declyvqvatouksdmsormlwyunash/Build/Intermediates.noindex/ArchiveIntermediates/Chord\ Solver/IntermediateBuildFilesPath/Chord\ Solver.build/Release-iphoneos/Chord\ Solver.build/Objects-normal/arm64/Chord_Solver.swiftdoc /Users/dps/Library/Developer/Xcode/DerivedData/Chord_Solver-declyvqvatouksdmsormlwyunash/Build/Intermediates.noindex/ArchiveIntermediates/Chord\ Solver/BuildProductsPath/Release-iphoneos/Chord_Solver.swiftmodule/arm64-apple-ios.swiftdoc

Copy /Users/dps/Library/Developer/Xcode/DerivedData/Chord_Solver-declyvqvatouksdmsormlwyunash/Build/Intermediates.noindex/ArchiveIntermediates/Chord\ Solver/BuildProductsPath/Release-iphoneos/Chord_Solver.swiftmodule/arm64-apple-ios.swiftmodule /Users/dps/Library/Developer/Xcode/DerivedData/Chord_Solver-declyvqvatouksdmsormlwyunash/Build/Intermediates.noindex/ArchiveIntermediates/Chord\ Solver/IntermediateBuildFilesPath/Chord\ Solver.build/Release-iphoneos/Chord\ Solver.build/Objects-normal/arm64/Chord_Solver.swiftmodule (in target 'Chord Solver' from project 'Chord Solver')
    cd /Users/dps/Developer/My\ Repos/chord-solver-ios
    builtin-copy -exclude .DS_Store -exclude CVS -exclude .svn -exclude .git -exclude .hg -resolve-src-symlinks -rename /Users/dps/Library/Developer/Xcode/DerivedData/Chord_Solver-declyvqvatouksdmsormlwyunash/Build/Intermediates.noindex/ArchiveIntermediates/Chord\ Solver/IntermediateBuildFilesPath/Chord\ Solver.build/Release-iphoneos/Chord\ Solver.build/Objects-normal/arm64/Chord_Solver.swiftmodule /Users/dps/Library/Developer/Xcode/DerivedData/Chord_Solver-declyvqvatouksdmsormlwyunash/Build/Intermediates.noindex/ArchiveIntermediates/Chord\ Solver/BuildProductsPath/Release-iphoneos/Chord_Solver.swiftmodule/arm64-apple-ios.swiftmodule

Copy /Users/dps/Library/Developer/Xcode/DerivedData/Chord_Solver-declyvqvatouksdmsormlwyunash/Build/Intermediates.noindex/ArchiveIntermediates/Chord\ Solver/BuildProductsPath/Release-iphoneos/Chord_Solver.swiftmodule/arm64-apple-ios.abi.json /Users/dps/Library/Developer/Xcode/DerivedData/Chord_Solver-declyvqvatouksdmsormlwyunash/Build/Intermediates.noindex/ArchiveIntermediates/Chord\ Solver/IntermediateBuildFilesPath/Chord\ Solver.build/Release-iphoneos/Chord\ Solver.build/Objects-normal/arm64/Chord_Solver.abi.json (in target 'Chord Solver' from project 'Chord Solver')
    cd /Users/dps/Developer/My\ Repos/chord-solver-ios
    builtin-copy -exclude .DS_Store -exclude CVS -exclude .svn -exclude .git -exclude .hg -resolve-src-symlinks -rename /Users/dps/Library/Developer/Xcode/DerivedData/Chord_Solver-declyvqvatouksdmsormlwyunash/Build/Intermediates.noindex/ArchiveIntermediates/Chord\ Solver/IntermediateBuildFilesPath/Chord\ Solver.build/Release-iphoneos/Chord\ Solver.build/Objects-normal/arm64/Chord_Solver.abi.json /Users/dps/Library/Developer/Xcode/DerivedData/Chord_Solver-declyvqvatouksdmsormlwyunash/Build/Intermediates.noindex/ArchiveIntermediates/Chord\ Solver/BuildProductsPath/Release-iphoneos/Chord_Solver.swiftmodule/arm64-apple-ios.abi.json

Ld /Users/dps/Library/Developer/Xcode/DerivedData/Chord_Solver-declyvqvatouksdmsormlwyunash/Build/Intermediates.noindex/ArchiveIntermediates/Chord\ Solver/InstallationBuildProductsLocation/Applications/Chord\ Solver.app/Chord\ Solver normal (in target 'Chord Solver' from project 'Chord Solver')
    cd /Users/dps/Developer/My\ Repos/chord-solver-ios
    /Applications/Xcode.app/Contents/Developer/Toolchains/XcodeDefault.xctoolchain/usr/bin/clang -Xlinker -reproducible -target arm64-apple-ios18.0 -isysroot /Applications/Xcode.app/Contents/Developer/Platforms/iPhoneOS.platform/Developer/SDKs/iPhoneOS18.5.sdk -Os -L/Users/dps/Library/Developer/Xcode/DerivedData/Chord_Solver-declyvqvatouksdmsormlwyunash/Build/Intermediates.noindex/ArchiveIntermediates/Chord\ Solver/IntermediateBuildFilesPath/EagerLinkingTBDs/Release-iphoneos -L/Users/dps/Library/Developer/Xcode/DerivedData/Chord_Solver-declyvqvatouksdmsormlwyunash/Build/Intermediates.noindex/ArchiveIntermediates/Chord\ Solver/BuildProductsPath/Release-iphoneos -F/Users/dps/Library/Developer/Xcode/DerivedData/Chord_Solver-declyvqvatouksdmsormlwyunash/Build/Intermediates.noindex/ArchiveIntermediates/Chord\ Solver/IntermediateBuildFilesPath/EagerLinkingTBDs/Release-iphoneos -F/Users/dps/Library/Developer/Xcode/DerivedData/Chord_Solver-declyvqvatouksdmsormlwyunash/Build/Intermediates.noindex/ArchiveIntermediates/Chord\ Solver/BuildProductsPath/Release-iphoneos -filelist /Users/dps/Library/Developer/Xcode/DerivedData/Chord_Solver-declyvqvatouksdmsormlwyunash/Build/Intermediates.noindex/ArchiveIntermediates/Chord\ Solver/IntermediateBuildFilesPath/Chord\ Solver.build/Release-iphoneos/Chord\ Solver.build/Objects-normal/arm64/Chord\ Solver.LinkFileList -Xlinker -rpath -Xlinker @executable_path/Frameworks -dead_strip -Xlinker -object_path_lto -Xlinker /Users/dps/Library/Developer/Xcode/DerivedData/Chord_Solver-declyvqvatouksdmsormlwyunash/Build/Intermediates.noindex/ArchiveIntermediates/Chord\ Solver/IntermediateBuildFilesPath/Chord\ Solver.build/Release-iphoneos/Chord\ Solver.build/Objects-normal/arm64/Chord\ Solver_lto.o -Xlinker -final_output -Xlinker /Applications/Chord\ Solver.app/Chord\ Solver -Xlinker -dependency_info -Xlinker /Users/dps/Library/Developer/Xcode/DerivedData/Chord_Solver-declyvqvatouksdmsormlwyunash/Build/Intermediates.noindex/ArchiveIntermediates/Chord\ Solver/IntermediateBuildFilesPath/Chord\ Solver.build/Release-iphoneos/Chord\ Solver.build/Objects-normal/arm64/Chord\ Solver_dependency_info.dat -fobjc-link-runtime -L/Applications/Xcode.app/Contents/Developer/Toolchains/XcodeDefault.xctoolchain/usr/lib/swift/iphoneos -L/usr/lib/swift -Xlinker -add_ast_path -Xlinker /Users/dps/Library/Developer/Xcode/DerivedData/Chord_Solver-declyvqvatouksdmsormlwyunash/Build/Intermediates.noindex/ArchiveIntermediates/Chord\ Solver/IntermediateBuildFilesPath/Chord\ Solver.build/Release-iphoneos/Chord\ Solver.build/Objects-normal/arm64/Chord_Solver.swiftmodule -Xlinker -no_adhoc_codesign -o /Users/dps/Library/Developer/Xcode/DerivedData/Chord_Solver-declyvqvatouksdmsormlwyunash/Build/Intermediates.noindex/ArchiveIntermediates/Chord\ Solver/InstallationBuildProductsLocation/Applications/Chord\ Solver.app/Chord\ Solver

CopySwiftLibs /Users/dps/Library/Developer/Xcode/DerivedData/Chord_Solver-declyvqvatouksdmsormlwyunash/Build/Intermediates.noindex/ArchiveIntermediates/Chord\ Solver/InstallationBuildProductsLocation/Applications/Chord\ Solver.app (in target 'Chord Solver' from project 'Chord Solver')
    cd /Users/dps/Developer/My\ Repos/chord-solver-ios
    builtin-swiftStdLibTool --copy --verbose --sign 127129A285D2409C60F8C16CFD4844279B766A65 --scan-executable /Users/dps/Library/Developer/Xcode/DerivedData/Chord_Solver-declyvqvatouksdmsormlwyunash/Build/Intermediates.noindex/ArchiveIntermediates/Chord\ Solver/InstallationBuildProductsLocation/Applications/Chord\ Solver.app/Chord\ Solver --scan-folder /Users/dps/Library/Developer/Xcode/DerivedData/Chord_Solver-declyvqvatouksdmsormlwyunash/Build/Intermediates.noindex/ArchiveIntermediates/Chord\ Solver/InstallationBuildProductsLocation/Applications/Chord\ Solver.app/Frameworks --scan-folder /Users/dps/Library/Developer/Xcode/DerivedData/Chord_Solver-declyvqvatouksdmsormlwyunash/Build/Intermediates.noindex/ArchiveIntermediates/Chord\ Solver/InstallationBuildProductsLocation/Applications/Chord\ Solver.app/PlugIns --scan-folder /Users/dps/Library/Developer/Xcode/DerivedData/Chord_Solver-declyvqvatouksdmsormlwyunash/Build/Intermediates.noindex/ArchiveIntermediates/Chord\ Solver/InstallationBuildProductsLocation/Applications/Chord\ Solver.app/SystemExtensions --scan-folder /Users/dps/Library/Developer/Xcode/DerivedData/Chord_Solver-declyvqvatouksdmsormlwyunash/Build/Intermediates.noindex/ArchiveIntermediates/Chord\ Solver/InstallationBuildProductsLocation/Applications/Chord\ Solver.app/Extensions --platform iphoneos --toolchain /Applications/Xcode.app/Contents/Developer/Toolchains/XcodeDefault.xctoolchain --destination /Users/dps/Library/Developer/Xcode/DerivedData/Chord_Solver-declyvqvatouksdmsormlwyunash/Build/Intermediates.noindex/ArchiveIntermediates/Chord\ Solver/InstallationBuildProductsLocation/Applications/Chord\ Solver.app/Frameworks --unsigned-destination /Users/dps/Library/Developer/Xcode/DerivedData/Chord_Solver-declyvqvatouksdmsormlwyunash/Build/Intermediates.noindex/ArchiveIntermediates/Chord\ Solver/BuildProductsPath/SwiftSupport --strip-bitcode --strip-bitcode-tool /Applications/Xcode.app/Contents/Developer/Toolchains/XcodeDefault.xctoolchain/usr/bin/bitcode_strip --emit-dependency-info /Users/dps/Library/Developer/Xcode/DerivedData/Chord_Solver-declyvqvatouksdmsormlwyunash/Build/Intermediates.noindex/ArchiveIntermediates/Chord\ Solver/IntermediateBuildFilesPath/Chord\ Solver.build/Release-iphoneos/Chord\ Solver.build/SwiftStdLibToolInputDependencies.dep --filter-for-swift-os

ExtractAppIntentsMetadata (in target 'Chord Solver' from project 'Chord Solver')
    cd /Users/dps/Developer/My\ Repos/chord-solver-ios
    /Applications/Xcode.app/Contents/Developer/Toolchains/XcodeDefault.xctoolchain/usr/bin/appintentsmetadataprocessor --toolchain-dir /Applications/Xcode.app/Contents/Developer/Toolchains/XcodeDefault.xctoolchain --module-name Chord_Solver --sdk-root /Applications/Xcode.app/Contents/Developer/Platforms/iPhoneOS.platform/Developer/SDKs/iPhoneOS18.5.sdk --xcode-version 16F6 --platform-family iOS --deployment-target 18.0 --bundle-identifier com.dpstudios.Chord-Solver --output /Users/dps/Library/Developer/Xcode/DerivedData/Chord_Solver-declyvqvatouksdmsormlwyunash/Build/Intermediates.noindex/ArchiveIntermediates/Chord\ Solver/InstallationBuildProductsLocation/Applications/Chord\ Solver.app --target-triple arm64-apple-ios18.0 --binary-file /Users/dps/Library/Developer/Xcode/DerivedData/Chord_Solver-declyvqvatouksdmsormlwyunash/Build/Intermediates.noindex/ArchiveIntermediates/Chord\ Solver/InstallationBuildProductsLocation/Applications/Chord\ Solver.app/Chord\ Solver --dependency-file /Users/dps/Library/Developer/Xcode/DerivedData/Chord_Solver-declyvqvatouksdmsormlwyunash/Build/Intermediates.noindex/ArchiveIntermediates/Chord\ Solver/IntermediateBuildFilesPath/Chord\ Solver.build/Release-iphoneos/Chord\ Solver.build/Objects-normal/arm64/Chord\ Solver_dependency_info.dat --stringsdata-file /Users/dps/Library/Developer/Xcode/DerivedData/Chord_Solver-declyvqvatouksdmsormlwyunash/Build/Intermediates.noindex/ArchiveIntermediates/Chord\ Solver/IntermediateBuildFilesPath/Chord\ Solver.build/Release-iphoneos/Chord\ Solver.build/Objects-normal/arm64/ExtractedAppShortcutsMetadata.stringsdata --source-file-list /Users/dps/Library/Developer/Xcode/DerivedData/Chord_Solver-declyvqvatouksdmsormlwyunash/Build/Intermediates.noindex/ArchiveIntermediates/Chord\ Solver/IntermediateBuildFilesPath/Chord\ Solver.build/Release-iphoneos/Chord\ Solver.build/Objects-normal/arm64/Chord\ Solver.SwiftFileList --metadata-file-list /Users/dps/Library/Developer/Xcode/DerivedData/Chord_Solver-declyvqvatouksdmsormlwyunash/Build/Intermediates.noindex/ArchiveIntermediates/Chord\ Solver/IntermediateBuildFilesPath/Chord\ Solver.build/Release-iphoneos/Chord\ Solver.build/Chord\ Solver.DependencyMetadataFileList --static-metadata-file-list /Users/dps/Library/Developer/Xcode/DerivedData/Chord_Solver-declyvqvatouksdmsormlwyunash/Build/Intermediates.noindex/ArchiveIntermediates/Chord\ Solver/IntermediateBuildFilesPath/Chord\ Solver.build/Release-iphoneos/Chord\ Solver.build/Chord\ Solver.DependencyStaticMetadataFileList --swift-const-vals-list /Users/dps/Library/Developer/Xcode/DerivedData/Chord_Solver-declyvqvatouksdmsormlwyunash/Build/Intermediates.noindex/ArchiveIntermediates/Chord\ Solver/IntermediateBuildFilesPath/Chord\ Solver.build/Release-iphoneos/Chord\ Solver.build/Objects-normal/arm64/Chord\ Solver.SwiftConstValuesFileList --compile-time-extraction --deployment-aware-processing --validate-assistant-intents --no-app-shortcuts-localization
2025-10-08 14:55:47.638 appintentsmetadataprocessor[74959:1622338] Starting appintentsmetadataprocessor export
2025-10-08 14:55:47.639 appintentsmetadataprocessor[74959:1622338] warning: Metadata extraction skipped. No AppIntents.framework dependency found.

GenerateDSYMFile /Users/dps/Library/Developer/Xcode/DerivedData/Chord_Solver-declyvqvatouksdmsormlwyunash/Build/Intermediates.noindex/ArchiveIntermediates/Chord\ Solver/BuildProductsPath/Release-iphoneos/Chord\ Solver.app.dSYM /Users/dps/Library/Developer/Xcode/DerivedData/Chord_Solver-declyvqvatouksdmsormlwyunash/Build/Intermediates.noindex/ArchiveIntermediates/Chord\ Solver/InstallationBuildProductsLocation/Applications/Chord\ Solver.app/Chord\ Solver (in target 'Chord Solver' from project 'Chord Solver')
    cd /Users/dps/Developer/My\ Repos/chord-solver-ios
    /Applications/Xcode.app/Contents/Developer/Toolchains/XcodeDefault.xctoolchain/usr/bin/dsymutil /Users/dps/Library/Developer/Xcode/DerivedData/Chord_Solver-declyvqvatouksdmsormlwyunash/Build/Intermediates.noindex/ArchiveIntermediates/Chord\ Solver/InstallationBuildProductsLocation/Applications/Chord\ Solver.app/Chord\ Solver -o /Users/dps/Library/Developer/Xcode/DerivedData/Chord_Solver-declyvqvatouksdmsormlwyunash/Build/Intermediates.noindex/ArchiveIntermediates/Chord\ Solver/BuildProductsPath/Release-iphoneos/Chord\ Solver.app.dSYM

AppIntentsSSUTraining (in target 'Chord Solver' from project 'Chord Solver')
    cd /Users/dps/Developer/My\ Repos/chord-solver-ios
    /Applications/Xcode.app/Contents/Developer/Toolchains/XcodeDefault.xctoolchain/usr/bin/appintentsnltrainingprocessor --infoplist-path /Users/dps/Library/Developer/Xcode/DerivedData/Chord_Solver-declyvqvatouksdmsormlwyunash/Build/Intermediates.noindex/ArchiveIntermediates/Chord\ Solver/InstallationBuildProductsLocation/Applications/Chord\ Solver.app/Info.plist --temp-dir-path /Users/dps/Library/Developer/Xcode/DerivedData/Chord_Solver-declyvqvatouksdmsormlwyunash/Build/Intermediates.noindex/ArchiveIntermediates/Chord\ Solver/IntermediateBuildFilesPath/Chord\ Solver.build/Release-iphoneos/Chord\ Solver.build/ssu --bundle-id com.dpstudios.Chord-Solver --product-path /Users/dps/Library/Developer/Xcode/DerivedData/Chord_Solver-declyvqvatouksdmsormlwyunash/Build/Intermediates.noindex/ArchiveIntermediates/Chord\ Solver/InstallationBuildProductsLocation/Applications/Chord\ Solver.app --extracted-metadata-path /Users/dps/Library/Developer/Xcode/DerivedData/Chord_Solver-declyvqvatouksdmsormlwyunash/Build/Intermediates.noindex/ArchiveIntermediates/Chord\ Solver/InstallationBuildProductsLocation/Applications/Chord\ Solver.app/Metadata.appintents --deployment-postprocessing --metadata-file-list /Users/dps/Library/Developer/Xcode/DerivedData/Chord_Solver-declyvqvatouksdmsormlwyunash/Build/Intermediates.noindex/ArchiveIntermediates/Chord\ Solver/IntermediateBuildFilesPath/Chord\ Solver.build/Release-iphoneos/Chord\ Solver.build/Chord\ Solver.DependencyMetadataFileList --archive-ssu-assets
2025-10-08 14:55:47.654 appintentsnltrainingprocessor[74961:1622340] Parsing options for appintentsnltrainingprocessor
2025-10-08 14:55:47.655 appintentsnltrainingprocessor[74961:1622340] No AppShortcuts found - Skipping.

Strip /Users/dps/Library/Developer/Xcode/DerivedData/Chord_Solver-declyvqvatouksdmsormlwyunash/Build/Intermediates.noindex/ArchiveIntermediates/Chord\ Solver/InstallationBuildProductsLocation/Applications/Chord\ Solver.app/Chord\ Solver (in target 'Chord Solver' from project 'Chord Solver')
    cd /Users/dps/Developer/My\ Repos/chord-solver-ios
    /Applications/Xcode.app/Contents/Developer/Toolchains/XcodeDefault.xctoolchain/usr/bin/strip -D /Users/dps/Library/Developer/Xcode/DerivedData/Chord_Solver-declyvqvatouksdmsormlwyunash/Build/Intermediates.noindex/ArchiveIntermediates/Chord\ Solver/InstallationBuildProductsLocation/Applications/Chord\ Solver.app/Chord\ Solver

SetOwnerAndGroup dps:staff /Users/dps/Library/Developer/Xcode/DerivedData/Chord_Solver-declyvqvatouksdmsormlwyunash/Build/Intermediates.noindex/ArchiveIntermediates/Chord\ Solver/InstallationBuildProductsLocation/Applications/Chord\ Solver.app (in target 'Chord Solver' from project 'Chord Solver')
    cd /Users/dps/Developer/My\ Repos/chord-solver-ios
    /usr/sbin/chown -RH dps:staff /Users/dps/Library/Developer/Xcode/DerivedData/Chord_Solver-declyvqvatouksdmsormlwyunash/Build/Intermediates.noindex/ArchiveIntermediates/Chord\ Solver/InstallationBuildProductsLocation/Applications/Chord\ Solver.app

SetMode u+w,go-w,a+rX /Users/dps/Library/Developer/Xcode/DerivedData/Chord_Solver-declyvqvatouksdmsormlwyunash/Build/Intermediates.noindex/ArchiveIntermediates/Chord\ Solver/InstallationBuildProductsLocation/Applications/Chord\ Solver.app (in target 'Chord Solver' from project 'Chord Solver')
    cd /Users/dps/Developer/My\ Repos/chord-solver-ios
    /bin/chmod -RH u+w,go-w,a+rX /Users/dps/Library/Developer/Xcode/DerivedData/Chord_Solver-declyvqvatouksdmsormlwyunash/Build/Intermediates.noindex/ArchiveIntermediates/Chord\ Solver/InstallationBuildProductsLocation/Applications/Chord\ Solver.app

CodeSign /Users/dps/Library/Developer/Xcode/DerivedData/Chord_Solver-declyvqvatouksdmsormlwyunash/Build/Intermediates.noindex/ArchiveIntermediates/Chord\ Solver/InstallationBuildProductsLocation/Applications/Chord\ Solver.app (in target 'Chord Solver' from project 'Chord Solver')
    cd /Users/dps/Developer/My\ Repos/chord-solver-ios
    
    Signing Identity:     "Apple Development: Dylan Shade (R3545QS3QH)"
    Provisioning Profile: "iOS Team Provisioning Profile: *"
                          (e94423ac-0ff4-4719-b1f9-2c0edd186c2b)
    
    /usr/bin/codesign --force --sign 127129A285D2409C60F8C16CFD4844279B766A65 --entitlements /Users/dps/Library/Developer/Xcode/DerivedData/Chord_Solver-declyvqvatouksdmsormlwyunash/Build/Intermediates.noindex/ArchiveIntermediates/Chord\ Solver/IntermediateBuildFilesPath/Chord\ Solver.build/Release-iphoneos/Chord\ Solver.build/Chord\ Solver.app.xcent --generate-entitlement-der /Users/dps/Library/Developer/Xcode/DerivedData/Chord_Solver-declyvqvatouksdmsormlwyunash/Build/Intermediates.noindex/ArchiveIntermediates/Chord\ Solver/InstallationBuildProductsLocation/Applications/Chord\ Solver.app

RegisterExecutionPolicyException /Users/dps/Library/Developer/Xcode/DerivedData/Chord_Solver-declyvqvatouksdmsormlwyunash/Build/Intermediates.noindex/ArchiveIntermediates/Chord\ Solver/InstallationBuildProductsLocation/Applications/Chord\ Solver.app (in target 'Chord Solver' from project 'Chord Solver')
    cd /Users/dps/Developer/My\ Repos/chord-solver-ios
    builtin-RegisterExecutionPolicyException /Users/dps/Library/Developer/Xcode/DerivedData/Chord_Solver-declyvqvatouksdmsormlwyunash/Build/Intermediates.noindex/ArchiveIntermediates/Chord\ Solver/InstallationBuildProductsLocation/Applications/Chord\ Solver.app

Validate /Users/dps/Library/Developer/Xcode/DerivedData/Chord_Solver-declyvqvatouksdmsormlwyunash/Build/Intermediates.noindex/ArchiveIntermediates/Chord\ Solver/InstallationBuildProductsLocation/Applications/Chord\ Solver.app (in target 'Chord Solver' from project 'Chord Solver')
    cd /Users/dps/Developer/My\ Repos/chord-solver-ios
    builtin-validationUtility /Users/dps/Library/Developer/Xcode/DerivedData/Chord_Solver-declyvqvatouksdmsormlwyunash/Build/Intermediates.noindex/ArchiveIntermediates/Chord\ Solver/InstallationBuildProductsLocation/Applications/Chord\ Solver.app -validate-for-store -infoplist-subpath Info.plist

Touch /Users/dps/Library/Developer/Xcode/DerivedData/Chord_Solver-declyvqvatouksdmsormlwyunash/Build/Intermediates.noindex/ArchiveIntermediates/Chord\ Solver/InstallationBuildProductsLocation/Applications/Chord\ Solver.app (in target 'Chord Solver' from project 'Chord Solver')
    cd /Users/dps/Developer/My\ Repos/chord-solver-ios
    /usr/bin/touch -c /Users/dps/Library/Developer/Xcode/DerivedData/Chord_Solver-declyvqvatouksdmsormlwyunash/Build/Intermediates.noindex/ArchiveIntermediates/Chord\ Solver/InstallationBuildProductsLocation/Applications/Chord\ Solver.app

note: Disabling previews because SWIFT_VERSION is set and SWIFT_OPTIMIZATION_LEVEL=-O, expected -Onone (in target 'Chord Solver' from project 'Chord Solver')
** ARCHIVE SUCCEEDED **

